2023-04-24 22:06:26,236 - ProductService - DEBUG - Product data [(6, 'Test Product', Decimal('40.00'), ' ok just testing', 40, 1, '20', 'xyz'), (7, 'Test Product', Decimal('40.00'), 'just testing', 40, 1, '20', 'xyz')]
2023-04-24 22:06:26,252 - ProductService - DEBUG - Category data [(6, 6, 2), (7, 7, 2), (8, 7, 3)]
2023-04-24 22:11:16,929 - ProductService - INFO - Got product with id {'product_id': 6, 'product_name': 'Test Product', 'product_price': Decimal('40.00'), 'company_id': 40, 'unit': 1, 'weight': '20', 'brand': 'xyz', 'description': ' ok just testing', 'category_ids': [], 'category_names': []}
2023-04-24 22:13:43,446 - ProductService - DEBUG - Data from DB for product with id [(6, 'Test Product', Decimal('40.00'), ' ok just testing', 40, 1, '20', 'xyz', 2)]
2023-04-24 22:13:43,447 - ProductService - DEBUG - Got product with id {'product_id': 6, 'product_name': 'Test Product', 'product_price': Decimal('40.00'), 'company_id': 40, 'unit': 1, 'weight': '20', 'brand': 'xyz', 'description': ' ok just testing', 'category_ids': [], 'category_names': []}
2023-04-24 22:14:25,711 - ProductService - DEBUG - Data from DB for product with id [(7, 'Test Product', Decimal('40.00'), 'just testing', 40, 1, '20', 'xyz', 2), (7, 'Test Product', Decimal('40.00'), 'just testing', 40, 1, '20', 'xyz', 3)]
2023-04-24 22:14:25,711 - ProductService - DEBUG - Got product with id {'product_id': 7, 'product_name': 'Test Product', 'product_price': Decimal('40.00'), 'company_id': 40, 'unit': 1, 'weight': '20', 'brand': 'xyz', 'description': 'just testing', 'category_ids': [], 'category_names': []}
2023-04-24 22:15:48,040 - ProductService - DEBUG - Data from DB for product with id [(7, 'Test Product', Decimal('40.00'), 'just testing', 40, 1, '20', 'xyz', 2), (7, 'Test Product', Decimal('40.00'), 'just testing', 40, 1, '20', 'xyz', 3)]
2023-04-24 22:15:48,040 - ProductService - DEBUG - Got product with id {'product_id': 7, 'product_name': 'Test Product', 'product_price': Decimal('40.00'), 'company_id': 40, 'unit': 1, 'weight': '20', 'brand': 'xyz', 'description': 'just testing', 'category_ids': [], 'category_names': []}
2023-04-24 22:28:28,484 - ProductService - DEBUG - categories for product [(6, 6, 2), (7, 7, 2), (8, 7, 3)]
2023-04-24 22:28:28,484 - ProductService - DEBUG - Got product with categories [{'product_id': 7, 'product_name': 'Test Product', 'product_price': Decimal('40.00'), 'company_id': 40, 'unit': 1, 'weight': '20', 'brand': 'xyz', 'description': 'just testing', 'category_ids': [2, 3], 'category_names': ['Stationary', 'Electronics']}]
2023-04-24 22:28:32,596 - ProductService - DEBUG - categories for product [(6, 6, 2), (7, 7, 2), (8, 7, 3)]
2023-04-24 22:28:32,597 - ProductService - DEBUG - Got product with categories [{'product_id': 7, 'product_name': 'Test Product', 'product_price': Decimal('40.00'), 'company_id': 40, 'unit': 1, 'weight': '20', 'brand': 'xyz', 'description': 'just testing', 'category_ids': [2, 3], 'category_names': ['Stationary', 'Electronics']}]
2023-04-24 22:30:05,797 - ProductService - DEBUG - categories for product [(6, 6, 2), (7, 7, 2), (8, 7, 3)]
2023-04-24 22:30:05,797 - ProductService - DEBUG - Got product with categories [{'product_id': 7, 'product_name': 'Test Product', 'product_price': Decimal('40.00'), 'company_id': 40, 'unit': 1, 'weight': '20', 'brand': 'xyz', 'description': 'just testing', 'category_ids': [2, 3], 'category_names': ['Stationary', 'Electronics']}]
2023-04-24 22:31:35,839 - ProductService - DEBUG - categories for product [(6, 6, 2), (7, 7, 2), (8, 7, 3)]
2023-04-24 22:31:35,839 - ProductService - DEBUG - Got product with categories [{'product_id': 7, 'product_name': 'Test Product', 'product_price': Decimal('40.00'), 'company_id': 40, 'unit': 1, 'weight': '20', 'brand': 'xyz', 'description': 'just testing', 'category_ids': [2, 3], 'category_names': ['Stationary', 'Electronics']}]
2023-04-24 22:32:32,218 - ProductService - DEBUG - categories for product [(6, 6, 2), (7, 7, 2), (8, 7, 3)]
2023-04-24 22:32:32,219 - ProductService - DEBUG - Got product with categories [{'product_id': 7, 'product_name': 'Test Product', 'product_price': Decimal('40.00'), 'company_id': 40, 'unit': 1, 'weight': '20', 'brand': 'xyz', 'description': 'just testing', 'category_ids': [2, 3], 'category_names': ['Stationary', 'Electronics']}]
2023-04-24 22:48:52,705 - ProductService - DEBUG - Product data [(6, 'Test Product', Decimal('40.00'), ' ok just testing', 40, 1, '20', 'xyz'), (7, 'Test Product', Decimal('40.00'), 'just testing', 40, 1, '20', 'xyz')]
2023-04-24 22:48:52,727 - ProductService - DEBUG - Category data [(6, 6, 2), (7, 7, 2), (8, 7, 3)]
2023-04-24 22:48:55,020 - ProductService - DEBUG - categories for product [(6, 6, 2), (7, 7, 2), (8, 7, 3)]
2023-04-24 22:48:55,020 - ProductService - DEBUG - Got product with categories [{'product_id': 7, 'product_name': 'Test Product', 'product_price': Decimal('40.00'), 'company_id': 40, 'unit': 1, 'weight': '20', 'brand': 'xyz', 'description': 'just testing', 'category_ids': [2, 3], 'category_names': ['Stationary', 'Electronics']}]
